{
  "C:\\Users\\Username\\Documents\\GitHub\\react-desktop-environment\\src\\components\\Button\\index.tsx": {
    "path": "C:\\Users\\Username\\Documents\\GitHub\\react-desktop-environment\\src\\components\\Button\\index.tsx",
    "all": false,
    "statementMap": {
      "0": { "start": { "line": 1, "column": 0 }, "end": { "line": 1, "column": 39 } },
      "1": { "start": { "line": 2, "column": 0 }, "end": { "line": 2, "column": 23 } },
      "2": { "start": { "line": 3, "column": 0 }, "end": { "line": 3, "column": 0 } },
      "3": { "start": { "line": 4, "column": 0 }, "end": { "line": 4, "column": 65 } },
      "4": { "start": { "line": 5, "column": 0 }, "end": { "line": 5, "column": 19 } },
      "5": { "start": { "line": 6, "column": 0 }, "end": { "line": 6, "column": 37 } },
      "6": { "start": { "line": 7, "column": 0 }, "end": { "line": 7, "column": 15 } },
      "7": { "start": { "line": 8, "column": 0 }, "end": { "line": 8, "column": 1 } },
      "8": { "start": { "line": 9, "column": 0 }, "end": { "line": 9, "column": 0 } },
      "9": { "start": { "line": 10, "column": 0 }, "end": { "line": 10, "column": 95 } },
      "10": { "start": { "line": 11, "column": 0 }, "end": { "line": 11, "column": 37 } },
      "11": { "start": { "line": 12, "column": 0 }, "end": { "line": 12, "column": 41 } },
      "12": { "start": { "line": 13, "column": 0 }, "end": { "line": 13, "column": 38 } },
      "13": { "start": { "line": 14, "column": 0 }, "end": { "line": 14, "column": 4 } },
      "14": { "start": { "line": 15, "column": 0 }, "end": { "line": 15, "column": 0 } },
      "15": { "start": { "line": 16, "column": 0 }, "end": { "line": 16, "column": 10 } },
      "16": { "start": { "line": 17, "column": 0 }, "end": { "line": 17, "column": 11 } },
      "17": { "start": { "line": 18, "column": 0 }, "end": { "line": 18, "column": 19 } },
      "18": { "start": { "line": 19, "column": 0 }, "end": { "line": 19, "column": 23 } },
      "19": { "start": { "line": 20, "column": 0 }, "end": { "line": 20, "column": 16 } },
      "20": { "start": { "line": 21, "column": 0 }, "end": { "line": 21, "column": 5 } },
      "21": { "start": { "line": 22, "column": 0 }, "end": { "line": 22, "column": 13 } },
      "22": { "start": { "line": 23, "column": 0 }, "end": { "line": 23, "column": 13 } },
      "23": { "start": { "line": 24, "column": 0 }, "end": { "line": 24, "column": 3 } },
      "24": { "start": { "line": 25, "column": 0 }, "end": { "line": 25, "column": 1 } }
    },
    "s": {
      "0": 1,
      "1": 1,
      "2": 1,
      "3": 1,
      "4": 1,
      "5": 1,
      "6": 1,
      "7": 1,
      "8": 1,
      "9": 1,
      "10": 5,
      "11": 5,
      "12": 5,
      "13": 5,
      "14": 5,
      "15": 5,
      "16": 5,
      "17": 5,
      "18": 5,
      "19": 5,
      "20": 5,
      "21": 5,
      "22": 5,
      "23": 5,
      "24": 5
    },
    "branchMap": {
      "0": {
        "type": "branch",
        "line": 10,
        "loc": { "start": { "line": 10, "column": 7 }, "end": { "line": 25, "column": 1 } },
        "locations": [{ "start": { "line": 10, "column": 7 }, "end": { "line": 25, "column": 1 } }]
      }
    },
    "b": { "0": [5] },
    "fnMap": {
      "0": {
        "name": "Button",
        "decl": { "start": { "line": 10, "column": 7 }, "end": { "line": 25, "column": 1 } },
        "loc": { "start": { "line": 10, "column": 7 }, "end": { "line": 25, "column": 1 } },
        "line": 10
      }
    },
    "f": { "0": 5 }
  }
}
